<?xml version="1.0" encoding="UTF-8"?>
<!-- Generated by org.testng.reporters.JUnitReportReporter -->
<testsuite hostname="DESKTOP-PQUK46L" failures="0" tests="5" name="MachinT.LoginTest" time="127.274" errors="0" timestamp="2023-09-30T13:09:57 IST" skipped="0">
  <testcase classname="MachinT.LoginTest" name="OpenBrow" time="66.746"/>
  <system-out/>
  <testcase classname="MachinT.LoginTest" name="LoginTest" time="45.202"/>
  <system-out/>
  <testcase classname="MachinT.LoginTest" name="Popup" time="9.201"/>
  <system-out/>
  <testcase classname="MachinT.LoginTest" name="AddU" time="3.111"/>
  <system-out/>
  <testcase classname="MachinT.LoginTest" name="AddUser" time="3.014"/>
  <system-out/>
</testsuite> <!-- MachinT.LoginTest -->
